19:33:48 **** Incremental Build of configuration Debug for project mon_team8_week10 ****
make all 
'Building file: ../main.c'
'Invoking: ARM C Compiler 5'
armcc -I"C:\Users\hw_8\Documents\DS-5 Workspace\mon_team8_week10\Libraries\CMSIS\CoreSupport" -I"C:\Users\hw_8\Documents\DS-5 Workspace\mon_team8_week10\Libraries\CMSIS\DeviceSupport" -I"C:\Users\hw_8\Documents\DS-5 Workspace\mon_team8_week10\Libraries\CMSIS\DeviceSupport\Startup" -I"C:\Users\hw_8\Documents\DS-5 Workspace\mon_team8_week10\Libraries\STM32F10x_StdPeriph_Driver_v3.5\inc" -I"C:\Users\hw_8\Documents\DS-5 Workspace\mon_team8_week10\Libraries\STM32F10x_StdPeriph_Driver_v3.5\lcd_lib" -I"C:\Users\hw_8\Documents\DS-5 Workspace\mon_team8_week10\Libraries\STM32F10x_StdPeriph_Driver_v3.5\src" -O0 --cpu=cortex-m3 -g -c -o "main.o" "../main.c"
"../main.c", line 16: Warning:  #1295-D: Deprecated declaration SysInit - give arg types
  void SysInit();
       ^
"../main.c", line 17: Warning:  #1295-D: Deprecated declaration SetSysClock - give arg types
  void SetSysClock();
       ^
"../main.c", line 18: Warning:  #1295-D: Deprecated declaration RCC_Init - give arg types
  void RCC_Init();
       ^
"../main.c", line 19: Warning:  #1295-D: Deprecated declaration init_Timer2 - give arg types
  void init_Timer2();
       ^
"../main.c", line 20: Warning:  #1295-D: Deprecated declaration TIM2_IRQHandler - give arg types
  void TIM2_IRQHandler();
       ^
"../main.c", line 21: Warning:  #1295-D: Deprecated declaration ADC_Config - give arg types
  void ADC_Config();
       ^
"../main.c", line 22: Warning:  #1295-D: Deprecated declaration DMA_Config - give arg types
  void DMA_Config();
       ^
"../main.c", line 23: Warning:  #1295-D: Deprecated declaration GPIO_LED_Init - give arg types
  void GPIO_LED_Init();
       ^
"../main.c", line 24: Warning:  #1295-D: Deprecated declaration setLED - give arg types
  void setLED();
       ^
"../main.c", line 227: Warning:  #223-D: function "LCD_ShowNum" declared implicitly
  		LCD_ShowNum(100, 200, ADCConvertedValue, 5, WHITE, BLUE);
  		^
../main.c: 10 warnings, 0 errors
'Finished building: ../main.c'
' '
'Building target: mon_team8_week10.axf'
'Invoking: ARM Linker 5'
armlink --entry=main --cpu=cortex-m3 --scatter="C:\Users\hw_8\Documents\DS-5 Workspace\mon_team8_week10\stm32-test.sct" --info=sizes -o "mon_team8_week10.axf"  ./Libraries/STM32F10x_StdPeriph_Driver_v3.5/src/misc.o ./Libraries/STM32F10x_StdPeriph_Driver_v3.5/src/stm32f10x_adc.o ./Libraries/STM32F10x_StdPeriph_Driver_v3.5/src/stm32f10x_bkp.o ./Libraries/STM32F10x_StdPeriph_Driver_v3.5/src/stm32f10x_can.o ./Libraries/STM32F10x_StdPeriph_Driver_v3.5/src/stm32f10x_cec.o ./Libraries/STM32F10x_StdPeriph_Driver_v3.5/src/stm32f10x_crc.o ./Libraries/STM32F10x_StdPeriph_Driver_v3.5/src/stm32f10x_dac.o ./Libraries/STM32F10x_StdPeriph_Driver_v3.5/src/stm32f10x_dbgmcu.o ./Libraries/STM32F10x_StdPeriph_Driver_v3.5/src/stm32f10x_dma.o ./Libraries/STM32F10x_StdPeriph_Driver_v3.5/src/stm32f10x_exti.o ./Libraries/STM32F10x_StdPeriph_Driver_v3.5/src/stm32f10x_flash.o ./Libraries/STM32F10x_StdPeriph_Driver_v3.5/src/stm32f10x_fsmc.o ./Libraries/STM32F10x_StdPeriph_Driver_v3.5/src/stm32f10x_gpio.o ./Libraries/STM32F10x_StdPeriph_Driver_v3.5/src/stm32f10x_i2c.o ./Libraries/STM32F10x_StdPeriph_Driver_v3.5/src/stm32f10x_iwdg.o ./Libraries/STM32F10x_StdPeriph_Driver_v3.5/src/stm32f10x_pwr.o ./Libraries/STM32F10x_StdPeriph_Driver_v3.5/src/stm32f10x_rcc.o ./Libraries/STM32F10x_StdPeriph_Driver_v3.5/src/stm32f10x_rtc.o ./Libraries/STM32F10x_StdPeriph_Driver_v3.5/src/stm32f10x_sdio.o ./Libraries/STM32F10x_StdPeriph_Driver_v3.5/src/stm32f10x_spi.o ./Libraries/STM32F10x_StdPeriph_Driver_v3.5/src/stm32f10x_tim.o ./Libraries/STM32F10x_StdPeriph_Driver_v3.5/src/stm32f10x_usart.o ./Libraries/STM32F10x_StdPeriph_Driver_v3.5/src/stm32f10x_wwdg.o  ./Libraries/STM32F10x_StdPeriph_Driver_v3.5/lcd_lib/Touch.o ./Libraries/STM32F10x_StdPeriph_Driver_v3.5/lcd_lib/lcd.o  ./Libraries/CMSIS/DeviceSupport/Startup/startup_stm32f10x_cl.o  ./Libraries/CMSIS/DeviceSupport/system_stm32f10x.o  ./Libraries/CMSIS/CoreSupport/core_cm3.o  ./main.o   

==============================================================================

Image component sizes


      Code (inc. data)   RO Data    RW Data    ZI Data      Debug   Object Name

      2104         56          0         12          0       5603   Touch.o
      2376         54     157688          6          0      10159   lcd.o
      1188         58          0         52          0       3517   main.o
       220         22          0          0          0     227805   misc.o
        64         26        336          0       1536        900   startup_stm32f10x_cl.o
      1102         26          0          0          0      33737   stm32f10x_adc.o
       596          8          0          0          0      14522   stm32f10x_dma.o
       860         38          0          0          0      14369   stm32f10x_gpio.o
      1284         64          0         20          0      11390   stm32f10x_rcc.o
      3570         88          0          0          0      42812   stm32f10x_tim.o
       644         48          0         20          0       2103   system_stm32f10x.o

    ----------------------------------------------------------------------
     14012        488     158058        112       1536     366917   Object Totals
         0          0         32          0          0          0   (incl. Generated)
         4          0          2          2          0          0   (incl. Padding)

    ----------------------------------------------------------------------

      Code (inc. data)   RO Data    RW Data    ZI Data      Debug   Library Member Name

         8          0          0          0          0         68   __main.o
        52          8          0          0          0          0   __scatter.o
        26          0          0          0          0          0   __scatter_copy.o
        28          0          0          0          0          0   __scatter_zi.o
        22          0          0          0          0        100   _rserrno.o
        12          0          0          0          0         72   exit.o
         6          0          0          0          0        152   heapauxi.o
         0          0          0          0          0          0   indicate_semi.o
         2          0          0          0          0          0   libinit.o
         2          0          0          0          0          0   libinit2.o
         2          0          0          0          0          0   libshutdown.o
         2          0          0          0          0          0   libshutdown2.o
         8          4          0          0         96         68   libspace.o
         8          4          0          0          0         68   rt_errno_addr_intlibspace.o
         0          0          0          0          0          0   rtentry.o
        12          0          0          0          0          0   rtentry2.o
         6          0          0          0          0          0   rtentry4.o
         2          0          0          0          0          0   rtexit.o
        10          0          0          0          0          0   rtexit2.o
        12          4          0          0          0         68   sys_exit.o
        74          0          0          0          0         80   sys_stackheap_outer.o
         2          0          0          0          0         68   use_no_semi.o
        24          0          0          0          0         68   dcmpi.o
        90          4          0          0          0         92   dfixu.o
        38          0          0          0          0         68   dflt_clz.o
       120          4          0          0          0         92   dleqf.o
       156          4          0          0          0         92   dnaninf.o
        12          0          0          0          0         68   dretinf.o
       108          0          0          0          0         80   drleqf.o
       460         56          0          0          0        120   dsqrt_noumaal.o
        86          4          0          0          0         84   f2d.o
       450          8          0          0          0        236   faddsub_clz.o
       388         76          0          0          0         96   fdiv.o
        54          4          0          0          0         84   ffix.o
        62          4          0          0          0         84   ffixu.o
        86          0          0          0          0        136   fflt_clz.o
       258          4          0          0          0         84   fmul.o
       140          4          0          0          0         84   fnaninf.o
        10          0          0          0          0         68   fretinf.o
         0          0          0          0          0          0   usenofp.o
        76          0          0          0          0         84   sqrt.o

    ----------------------------------------------------------------------
      2930        192          0          0         96       2464   Library Totals
        16          0          0          0          0          0   (incl. Padding)

    ----------------------------------------------------------------------

      Code (inc. data)   RO Data    RW Data    ZI Data      Debug   Library Name

       296         20          0          0         96        744   c_w.l
      2542        172          0          0          0       1636   fz_ws.l
        76          0          0          0          0         84   m_ws.l

    ----------------------------------------------------------------------
      2930        192          0          0         96       2464   Library Totals

    ----------------------------------------------------------------------

==============================================================================


      Code (inc. data)   RO Data    RW Data    ZI Data      Debug   

     16942        680     158058        112       1632     366985   Grand Totals
     16942        680     158058        112       1632     366985   ELF Image Totals
     16942        680     158058        112          0          0   ROM Totals

==============================================================================

    Total RO  Size (Code + RO Data)               175000 ( 170.90kB)
    Total RW  Size (RW Data + ZI Data)              1744 (   1.70kB)
    Total ROM Size (Code + RO Data + RW Data)     175112 ( 171.01kB)

==============================================================================

'Finished building target: mon_team8_week10.axf'
' '

19:33:48 Build Finished (took 536ms)

