20:17:17 **** Build of configuration Debug for project tue00 ****
make all 
'Building file: ../Libraries/STM32F10x_StdPeriph_Driver_v3.5/src/misc.c'
'Invoking: ARM C Compiler 5'
armcc -I"C:\Users\hw_8\Documents\DS-5 Workspace\tue00\Libraries" -I"C:\Users\hw_8\Documents\DS-5 Workspace\tue00\Libraries\CMSIS\CoreSupport" -I"C:\Users\hw_8\Documents\DS-5 Workspace\tue00\Libraries\CMSIS\DeviceSupport" -I"C:\Users\hw_8\Documents\DS-5 Workspace\tue00\Libraries\CMSIS\DeviceSupport\Startup" -I"C:\Users\hw_8\Documents\DS-5 Workspace\tue00\Libraries\STM32F10x_StdPeriph_Driver_v3.5\inc" -I"C:\Users\hw_8\Documents\DS-5 Workspace\tue00\Libraries\STM32F10x_StdPeriph_Driver_v3.5\src" -O0 --cpu=cortex-m3 -g -c -o "Libraries/STM32F10x_StdPeriph_Driver_v3.5/src/misc.o" "../Libraries/STM32F10x_StdPeriph_Driver_v3.5/src/misc.c"
'Finished building: ../Libraries/STM32F10x_StdPeriph_Driver_v3.5/src/misc.c'
' '
'Building file: ../Libraries/STM32F10x_StdPeriph_Driver_v3.5/src/stm32f10x_adc.c'
'Invoking: ARM C Compiler 5'
armcc -I"C:\Users\hw_8\Documents\DS-5 Workspace\tue00\Libraries" -I"C:\Users\hw_8\Documents\DS-5 Workspace\tue00\Libraries\CMSIS\CoreSupport" -I"C:\Users\hw_8\Documents\DS-5 Workspace\tue00\Libraries\CMSIS\DeviceSupport" -I"C:\Users\hw_8\Documents\DS-5 Workspace\tue00\Libraries\CMSIS\DeviceSupport\Startup" -I"C:\Users\hw_8\Documents\DS-5 Workspace\tue00\Libraries\STM32F10x_StdPeriph_Driver_v3.5\inc" -I"C:\Users\hw_8\Documents\DS-5 Workspace\tue00\Libraries\STM32F10x_StdPeriph_Driver_v3.5\src" -O0 --cpu=cortex-m3 -g -c -o "Libraries/STM32F10x_StdPeriph_Driver_v3.5/src/stm32f10x_adc.o" "../Libraries/STM32F10x_StdPeriph_Driver_v3.5/src/stm32f10x_adc.c"
'Finished building: ../Libraries/STM32F10x_StdPeriph_Driver_v3.5/src/stm32f10x_adc.c'
' '
'Building file: ../Libraries/STM32F10x_StdPeriph_Driver_v3.5/src/stm32f10x_bkp.c'
'Invoking: ARM C Compiler 5'
armcc -I"C:\Users\hw_8\Documents\DS-5 Workspace\tue00\Libraries" -I"C:\Users\hw_8\Documents\DS-5 Workspace\tue00\Libraries\CMSIS\CoreSupport" -I"C:\Users\hw_8\Documents\DS-5 Workspace\tue00\Libraries\CMSIS\DeviceSupport" -I"C:\Users\hw_8\Documents\DS-5 Workspace\tue00\Libraries\CMSIS\DeviceSupport\Startup" -I"C:\Users\hw_8\Documents\DS-5 Workspace\tue00\Libraries\STM32F10x_StdPeriph_Driver_v3.5\inc" -I"C:\Users\hw_8\Documents\DS-5 Workspace\tue00\Libraries\STM32F10x_StdPeriph_Driver_v3.5\src" -O0 --cpu=cortex-m3 -g -c -o "Libraries/STM32F10x_StdPeriph_Driver_v3.5/src/stm32f10x_bkp.o" "../Libraries/STM32F10x_StdPeriph_Driver_v3.5/src/stm32f10x_bkp.c"
'Finished building: ../Libraries/STM32F10x_StdPeriph_Driver_v3.5/src/stm32f10x_bkp.c'
' '
'Building file: ../Libraries/STM32F10x_StdPeriph_Driver_v3.5/src/stm32f10x_can.c'
'Invoking: ARM C Compiler 5'
armcc -I"C:\Users\hw_8\Documents\DS-5 Workspace\tue00\Libraries" -I"C:\Users\hw_8\Documents\DS-5 Workspace\tue00\Libraries\CMSIS\CoreSupport" -I"C:\Users\hw_8\Documents\DS-5 Workspace\tue00\Libraries\CMSIS\DeviceSupport" -I"C:\Users\hw_8\Documents\DS-5 Workspace\tue00\Libraries\CMSIS\DeviceSupport\Startup" -I"C:\Users\hw_8\Documents\DS-5 Workspace\tue00\Libraries\STM32F10x_StdPeriph_Driver_v3.5\inc" -I"C:\Users\hw_8\Documents\DS-5 Workspace\tue00\Libraries\STM32F10x_StdPeriph_Driver_v3.5\src" -O0 --cpu=cortex-m3 -g -c -o "Libraries/STM32F10x_StdPeriph_Driver_v3.5/src/stm32f10x_can.o" "../Libraries/STM32F10x_StdPeriph_Driver_v3.5/src/stm32f10x_can.c"
'Finished building: ../Libraries/STM32F10x_StdPeriph_Driver_v3.5/src/stm32f10x_can.c'
' '
'Building file: ../Libraries/STM32F10x_StdPeriph_Driver_v3.5/src/stm32f10x_cec.c'
'Invoking: ARM C Compiler 5'
armcc -I"C:\Users\hw_8\Documents\DS-5 Workspace\tue00\Libraries" -I"C:\Users\hw_8\Documents\DS-5 Workspace\tue00\Libraries\CMSIS\CoreSupport" -I"C:\Users\hw_8\Documents\DS-5 Workspace\tue00\Libraries\CMSIS\DeviceSupport" -I"C:\Users\hw_8\Documents\DS-5 Workspace\tue00\Libraries\CMSIS\DeviceSupport\Startup" -I"C:\Users\hw_8\Documents\DS-5 Workspace\tue00\Libraries\STM32F10x_StdPeriph_Driver_v3.5\inc" -I"C:\Users\hw_8\Documents\DS-5 Workspace\tue00\Libraries\STM32F10x_StdPeriph_Driver_v3.5\src" -O0 --cpu=cortex-m3 -g -c -o "Libraries/STM32F10x_StdPeriph_Driver_v3.5/src/stm32f10x_cec.o" "../Libraries/STM32F10x_StdPeriph_Driver_v3.5/src/stm32f10x_cec.c"
'Finished building: ../Libraries/STM32F10x_StdPeriph_Driver_v3.5/src/stm32f10x_cec.c'
' '
'Building file: ../Libraries/STM32F10x_StdPeriph_Driver_v3.5/src/stm32f10x_crc.c'
'Invoking: ARM C Compiler 5'
armcc -I"C:\Users\hw_8\Documents\DS-5 Workspace\tue00\Libraries" -I"C:\Users\hw_8\Documents\DS-5 Workspace\tue00\Libraries\CMSIS\CoreSupport" -I"C:\Users\hw_8\Documents\DS-5 Workspace\tue00\Libraries\CMSIS\DeviceSupport" -I"C:\Users\hw_8\Documents\DS-5 Workspace\tue00\Libraries\CMSIS\DeviceSupport\Startup" -I"C:\Users\hw_8\Documents\DS-5 Workspace\tue00\Libraries\STM32F10x_StdPeriph_Driver_v3.5\inc" -I"C:\Users\hw_8\Documents\DS-5 Workspace\tue00\Libraries\STM32F10x_StdPeriph_Driver_v3.5\src" -O0 --cpu=cortex-m3 -g -c -o "Libraries/STM32F10x_StdPeriph_Driver_v3.5/src/stm32f10x_crc.o" "../Libraries/STM32F10x_StdPeriph_Driver_v3.5/src/stm32f10x_crc.c"
'Finished building: ../Libraries/STM32F10x_StdPeriph_Driver_v3.5/src/stm32f10x_crc.c'
' '
'Building file: ../Libraries/STM32F10x_StdPeriph_Driver_v3.5/src/stm32f10x_dac.c'
'Invoking: ARM C Compiler 5'
armcc -I"C:\Users\hw_8\Documents\DS-5 Workspace\tue00\Libraries" -I"C:\Users\hw_8\Documents\DS-5 Workspace\tue00\Libraries\CMSIS\CoreSupport" -I"C:\Users\hw_8\Documents\DS-5 Workspace\tue00\Libraries\CMSIS\DeviceSupport" -I"C:\Users\hw_8\Documents\DS-5 Workspace\tue00\Libraries\CMSIS\DeviceSupport\Startup" -I"C:\Users\hw_8\Documents\DS-5 Workspace\tue00\Libraries\STM32F10x_StdPeriph_Driver_v3.5\inc" -I"C:\Users\hw_8\Documents\DS-5 Workspace\tue00\Libraries\STM32F10x_StdPeriph_Driver_v3.5\src" -O0 --cpu=cortex-m3 -g -c -o "Libraries/STM32F10x_StdPeriph_Driver_v3.5/src/stm32f10x_dac.o" "../Libraries/STM32F10x_StdPeriph_Driver_v3.5/src/stm32f10x_dac.c"
'Finished building: ../Libraries/STM32F10x_StdPeriph_Driver_v3.5/src/stm32f10x_dac.c'
' '
'Building file: ../Libraries/STM32F10x_StdPeriph_Driver_v3.5/src/stm32f10x_dbgmcu.c'
'Invoking: ARM C Compiler 5'
armcc -I"C:\Users\hw_8\Documents\DS-5 Workspace\tue00\Libraries" -I"C:\Users\hw_8\Documents\DS-5 Workspace\tue00\Libraries\CMSIS\CoreSupport" -I"C:\Users\hw_8\Documents\DS-5 Workspace\tue00\Libraries\CMSIS\DeviceSupport" -I"C:\Users\hw_8\Documents\DS-5 Workspace\tue00\Libraries\CMSIS\DeviceSupport\Startup" -I"C:\Users\hw_8\Documents\DS-5 Workspace\tue00\Libraries\STM32F10x_StdPeriph_Driver_v3.5\inc" -I"C:\Users\hw_8\Documents\DS-5 Workspace\tue00\Libraries\STM32F10x_StdPeriph_Driver_v3.5\src" -O0 --cpu=cortex-m3 -g -c -o "Libraries/STM32F10x_StdPeriph_Driver_v3.5/src/stm32f10x_dbgmcu.o" "../Libraries/STM32F10x_StdPeriph_Driver_v3.5/src/stm32f10x_dbgmcu.c"
'Finished building: ../Libraries/STM32F10x_StdPeriph_Driver_v3.5/src/stm32f10x_dbgmcu.c'
' '
'Building file: ../Libraries/STM32F10x_StdPeriph_Driver_v3.5/src/stm32f10x_dma.c'
'Invoking: ARM C Compiler 5'
armcc -I"C:\Users\hw_8\Documents\DS-5 Workspace\tue00\Libraries" -I"C:\Users\hw_8\Documents\DS-5 Workspace\tue00\Libraries\CMSIS\CoreSupport" -I"C:\Users\hw_8\Documents\DS-5 Workspace\tue00\Libraries\CMSIS\DeviceSupport" -I"C:\Users\hw_8\Documents\DS-5 Workspace\tue00\Libraries\CMSIS\DeviceSupport\Startup" -I"C:\Users\hw_8\Documents\DS-5 Workspace\tue00\Libraries\STM32F10x_StdPeriph_Driver_v3.5\inc" -I"C:\Users\hw_8\Documents\DS-5 Workspace\tue00\Libraries\STM32F10x_StdPeriph_Driver_v3.5\src" -O0 --cpu=cortex-m3 -g -c -o "Libraries/STM32F10x_StdPeriph_Driver_v3.5/src/stm32f10x_dma.o" "../Libraries/STM32F10x_StdPeriph_Driver_v3.5/src/stm32f10x_dma.c"
'Finished building: ../Libraries/STM32F10x_StdPeriph_Driver_v3.5/src/stm32f10x_dma.c'
' '
'Building file: ../Libraries/STM32F10x_StdPeriph_Driver_v3.5/src/stm32f10x_exti.c'
'Invoking: ARM C Compiler 5'
armcc -I"C:\Users\hw_8\Documents\DS-5 Workspace\tue00\Libraries" -I"C:\Users\hw_8\Documents\DS-5 Workspace\tue00\Libraries\CMSIS\CoreSupport" -I"C:\Users\hw_8\Documents\DS-5 Workspace\tue00\Libraries\CMSIS\DeviceSupport" -I"C:\Users\hw_8\Documents\DS-5 Workspace\tue00\Libraries\CMSIS\DeviceSupport\Startup" -I"C:\Users\hw_8\Documents\DS-5 Workspace\tue00\Libraries\STM32F10x_StdPeriph_Driver_v3.5\inc" -I"C:\Users\hw_8\Documents\DS-5 Workspace\tue00\Libraries\STM32F10x_StdPeriph_Driver_v3.5\src" -O0 --cpu=cortex-m3 -g -c -o "Libraries/STM32F10x_StdPeriph_Driver_v3.5/src/stm32f10x_exti.o" "../Libraries/STM32F10x_StdPeriph_Driver_v3.5/src/stm32f10x_exti.c"
'Finished building: ../Libraries/STM32F10x_StdPeriph_Driver_v3.5/src/stm32f10x_exti.c'
' '
'Building file: ../Libraries/STM32F10x_StdPeriph_Driver_v3.5/src/stm32f10x_flash.c'
'Invoking: ARM C Compiler 5'
armcc -I"C:\Users\hw_8\Documents\DS-5 Workspace\tue00\Libraries" -I"C:\Users\hw_8\Documents\DS-5 Workspace\tue00\Libraries\CMSIS\CoreSupport" -I"C:\Users\hw_8\Documents\DS-5 Workspace\tue00\Libraries\CMSIS\DeviceSupport" -I"C:\Users\hw_8\Documents\DS-5 Workspace\tue00\Libraries\CMSIS\DeviceSupport\Startup" -I"C:\Users\hw_8\Documents\DS-5 Workspace\tue00\Libraries\STM32F10x_StdPeriph_Driver_v3.5\inc" -I"C:\Users\hw_8\Documents\DS-5 Workspace\tue00\Libraries\STM32F10x_StdPeriph_Driver_v3.5\src" -O0 --cpu=cortex-m3 -g -c -o "Libraries/STM32F10x_StdPeriph_Driver_v3.5/src/stm32f10x_flash.o" "../Libraries/STM32F10x_StdPeriph_Driver_v3.5/src/stm32f10x_flash.c"
'Finished building: ../Libraries/STM32F10x_StdPeriph_Driver_v3.5/src/stm32f10x_flash.c'
' '
'Building file: ../Libraries/STM32F10x_StdPeriph_Driver_v3.5/src/stm32f10x_fsmc.c'
'Invoking: ARM C Compiler 5'
armcc -I"C:\Users\hw_8\Documents\DS-5 Workspace\tue00\Libraries" -I"C:\Users\hw_8\Documents\DS-5 Workspace\tue00\Libraries\CMSIS\CoreSupport" -I"C:\Users\hw_8\Documents\DS-5 Workspace\tue00\Libraries\CMSIS\DeviceSupport" -I"C:\Users\hw_8\Documents\DS-5 Workspace\tue00\Libraries\CMSIS\DeviceSupport\Startup" -I"C:\Users\hw_8\Documents\DS-5 Workspace\tue00\Libraries\STM32F10x_StdPeriph_Driver_v3.5\inc" -I"C:\Users\hw_8\Documents\DS-5 Workspace\tue00\Libraries\STM32F10x_StdPeriph_Driver_v3.5\src" -O0 --cpu=cortex-m3 -g -c -o "Libraries/STM32F10x_StdPeriph_Driver_v3.5/src/stm32f10x_fsmc.o" "../Libraries/STM32F10x_StdPeriph_Driver_v3.5/src/stm32f10x_fsmc.c"
'Finished building: ../Libraries/STM32F10x_StdPeriph_Driver_v3.5/src/stm32f10x_fsmc.c'
' '
'Building file: ../Libraries/STM32F10x_StdPeriph_Driver_v3.5/src/stm32f10x_gpio.c'
'Invoking: ARM C Compiler 5'
armcc -I"C:\Users\hw_8\Documents\DS-5 Workspace\tue00\Libraries" -I"C:\Users\hw_8\Documents\DS-5 Workspace\tue00\Libraries\CMSIS\CoreSupport" -I"C:\Users\hw_8\Documents\DS-5 Workspace\tue00\Libraries\CMSIS\DeviceSupport" -I"C:\Users\hw_8\Documents\DS-5 Workspace\tue00\Libraries\CMSIS\DeviceSupport\Startup" -I"C:\Users\hw_8\Documents\DS-5 Workspace\tue00\Libraries\STM32F10x_StdPeriph_Driver_v3.5\inc" -I"C:\Users\hw_8\Documents\DS-5 Workspace\tue00\Libraries\STM32F10x_StdPeriph_Driver_v3.5\src" -O0 --cpu=cortex-m3 -g -c -o "Libraries/STM32F10x_StdPeriph_Driver_v3.5/src/stm32f10x_gpio.o" "../Libraries/STM32F10x_StdPeriph_Driver_v3.5/src/stm32f10x_gpio.c"
'Finished building: ../Libraries/STM32F10x_StdPeriph_Driver_v3.5/src/stm32f10x_gpio.c'
' '
'Building file: ../Libraries/STM32F10x_StdPeriph_Driver_v3.5/src/stm32f10x_i2c.c'
'Invoking: ARM C Compiler 5'
armcc -I"C:\Users\hw_8\Documents\DS-5 Workspace\tue00\Libraries" -I"C:\Users\hw_8\Documents\DS-5 Workspace\tue00\Libraries\CMSIS\CoreSupport" -I"C:\Users\hw_8\Documents\DS-5 Workspace\tue00\Libraries\CMSIS\DeviceSupport" -I"C:\Users\hw_8\Documents\DS-5 Workspace\tue00\Libraries\CMSIS\DeviceSupport\Startup" -I"C:\Users\hw_8\Documents\DS-5 Workspace\tue00\Libraries\STM32F10x_StdPeriph_Driver_v3.5\inc" -I"C:\Users\hw_8\Documents\DS-5 Workspace\tue00\Libraries\STM32F10x_StdPeriph_Driver_v3.5\src" -O0 --cpu=cortex-m3 -g -c -o "Libraries/STM32F10x_StdPeriph_Driver_v3.5/src/stm32f10x_i2c.o" "../Libraries/STM32F10x_StdPeriph_Driver_v3.5/src/stm32f10x_i2c.c"
'Finished building: ../Libraries/STM32F10x_StdPeriph_Driver_v3.5/src/stm32f10x_i2c.c'
' '
'Building file: ../Libraries/STM32F10x_StdPeriph_Driver_v3.5/src/stm32f10x_iwdg.c'
'Invoking: ARM C Compiler 5'
armcc -I"C:\Users\hw_8\Documents\DS-5 Workspace\tue00\Libraries" -I"C:\Users\hw_8\Documents\DS-5 Workspace\tue00\Libraries\CMSIS\CoreSupport" -I"C:\Users\hw_8\Documents\DS-5 Workspace\tue00\Libraries\CMSIS\DeviceSupport" -I"C:\Users\hw_8\Documents\DS-5 Workspace\tue00\Libraries\CMSIS\DeviceSupport\Startup" -I"C:\Users\hw_8\Documents\DS-5 Workspace\tue00\Libraries\STM32F10x_StdPeriph_Driver_v3.5\inc" -I"C:\Users\hw_8\Documents\DS-5 Workspace\tue00\Libraries\STM32F10x_StdPeriph_Driver_v3.5\src" -O0 --cpu=cortex-m3 -g -c -o "Libraries/STM32F10x_StdPeriph_Driver_v3.5/src/stm32f10x_iwdg.o" "../Libraries/STM32F10x_StdPeriph_Driver_v3.5/src/stm32f10x_iwdg.c"
'Finished building: ../Libraries/STM32F10x_StdPeriph_Driver_v3.5/src/stm32f10x_iwdg.c'
' '
'Building file: ../Libraries/STM32F10x_StdPeriph_Driver_v3.5/src/stm32f10x_pwr.c'
'Invoking: ARM C Compiler 5'
armcc -I"C:\Users\hw_8\Documents\DS-5 Workspace\tue00\Libraries" -I"C:\Users\hw_8\Documents\DS-5 Workspace\tue00\Libraries\CMSIS\CoreSupport" -I"C:\Users\hw_8\Documents\DS-5 Workspace\tue00\Libraries\CMSIS\DeviceSupport" -I"C:\Users\hw_8\Documents\DS-5 Workspace\tue00\Libraries\CMSIS\DeviceSupport\Startup" -I"C:\Users\hw_8\Documents\DS-5 Workspace\tue00\Libraries\STM32F10x_StdPeriph_Driver_v3.5\inc" -I"C:\Users\hw_8\Documents\DS-5 Workspace\tue00\Libraries\STM32F10x_StdPeriph_Driver_v3.5\src" -O0 --cpu=cortex-m3 -g -c -o "Libraries/STM32F10x_StdPeriph_Driver_v3.5/src/stm32f10x_pwr.o" "../Libraries/STM32F10x_StdPeriph_Driver_v3.5/src/stm32f10x_pwr.c"
'Finished building: ../Libraries/STM32F10x_StdPeriph_Driver_v3.5/src/stm32f10x_pwr.c'
' '
'Building file: ../Libraries/STM32F10x_StdPeriph_Driver_v3.5/src/stm32f10x_rcc.c'
'Invoking: ARM C Compiler 5'
armcc -I"C:\Users\hw_8\Documents\DS-5 Workspace\tue00\Libraries" -I"C:\Users\hw_8\Documents\DS-5 Workspace\tue00\Libraries\CMSIS\CoreSupport" -I"C:\Users\hw_8\Documents\DS-5 Workspace\tue00\Libraries\CMSIS\DeviceSupport" -I"C:\Users\hw_8\Documents\DS-5 Workspace\tue00\Libraries\CMSIS\DeviceSupport\Startup" -I"C:\Users\hw_8\Documents\DS-5 Workspace\tue00\Libraries\STM32F10x_StdPeriph_Driver_v3.5\inc" -I"C:\Users\hw_8\Documents\DS-5 Workspace\tue00\Libraries\STM32F10x_StdPeriph_Driver_v3.5\src" -O0 --cpu=cortex-m3 -g -c -o "Libraries/STM32F10x_StdPeriph_Driver_v3.5/src/stm32f10x_rcc.o" "../Libraries/STM32F10x_StdPeriph_Driver_v3.5/src/stm32f10x_rcc.c"
'Finished building: ../Libraries/STM32F10x_StdPeriph_Driver_v3.5/src/stm32f10x_rcc.c'
' '
'Building file: ../Libraries/STM32F10x_StdPeriph_Driver_v3.5/src/stm32f10x_rtc.c'
'Invoking: ARM C Compiler 5'
armcc -I"C:\Users\hw_8\Documents\DS-5 Workspace\tue00\Libraries" -I"C:\Users\hw_8\Documents\DS-5 Workspace\tue00\Libraries\CMSIS\CoreSupport" -I"C:\Users\hw_8\Documents\DS-5 Workspace\tue00\Libraries\CMSIS\DeviceSupport" -I"C:\Users\hw_8\Documents\DS-5 Workspace\tue00\Libraries\CMSIS\DeviceSupport\Startup" -I"C:\Users\hw_8\Documents\DS-5 Workspace\tue00\Libraries\STM32F10x_StdPeriph_Driver_v3.5\inc" -I"C:\Users\hw_8\Documents\DS-5 Workspace\tue00\Libraries\STM32F10x_StdPeriph_Driver_v3.5\src" -O0 --cpu=cortex-m3 -g -c -o "Libraries/STM32F10x_StdPeriph_Driver_v3.5/src/stm32f10x_rtc.o" "../Libraries/STM32F10x_StdPeriph_Driver_v3.5/src/stm32f10x_rtc.c"
'Finished building: ../Libraries/STM32F10x_StdPeriph_Driver_v3.5/src/stm32f10x_rtc.c'
' '
'Building file: ../Libraries/STM32F10x_StdPeriph_Driver_v3.5/src/stm32f10x_sdio.c'
'Invoking: ARM C Compiler 5'
armcc -I"C:\Users\hw_8\Documents\DS-5 Workspace\tue00\Libraries" -I"C:\Users\hw_8\Documents\DS-5 Workspace\tue00\Libraries\CMSIS\CoreSupport" -I"C:\Users\hw_8\Documents\DS-5 Workspace\tue00\Libraries\CMSIS\DeviceSupport" -I"C:\Users\hw_8\Documents\DS-5 Workspace\tue00\Libraries\CMSIS\DeviceSupport\Startup" -I"C:\Users\hw_8\Documents\DS-5 Workspace\tue00\Libraries\STM32F10x_StdPeriph_Driver_v3.5\inc" -I"C:\Users\hw_8\Documents\DS-5 Workspace\tue00\Libraries\STM32F10x_StdPeriph_Driver_v3.5\src" -O0 --cpu=cortex-m3 -g -c -o "Libraries/STM32F10x_StdPeriph_Driver_v3.5/src/stm32f10x_sdio.o" "../Libraries/STM32F10x_StdPeriph_Driver_v3.5/src/stm32f10x_sdio.c"
'Finished building: ../Libraries/STM32F10x_StdPeriph_Driver_v3.5/src/stm32f10x_sdio.c'
' '
'Building file: ../Libraries/STM32F10x_StdPeriph_Driver_v3.5/src/stm32f10x_spi.c'
'Invoking: ARM C Compiler 5'
armcc -I"C:\Users\hw_8\Documents\DS-5 Workspace\tue00\Libraries" -I"C:\Users\hw_8\Documents\DS-5 Workspace\tue00\Libraries\CMSIS\CoreSupport" -I"C:\Users\hw_8\Documents\DS-5 Workspace\tue00\Libraries\CMSIS\DeviceSupport" -I"C:\Users\hw_8\Documents\DS-5 Workspace\tue00\Libraries\CMSIS\DeviceSupport\Startup" -I"C:\Users\hw_8\Documents\DS-5 Workspace\tue00\Libraries\STM32F10x_StdPeriph_Driver_v3.5\inc" -I"C:\Users\hw_8\Documents\DS-5 Workspace\tue00\Libraries\STM32F10x_StdPeriph_Driver_v3.5\src" -O0 --cpu=cortex-m3 -g -c -o "Libraries/STM32F10x_StdPeriph_Driver_v3.5/src/stm32f10x_spi.o" "../Libraries/STM32F10x_StdPeriph_Driver_v3.5/src/stm32f10x_spi.c"
'Finished building: ../Libraries/STM32F10x_StdPeriph_Driver_v3.5/src/stm32f10x_spi.c'
' '
'Building file: ../Libraries/STM32F10x_StdPeriph_Driver_v3.5/src/stm32f10x_tim.c'
'Invoking: ARM C Compiler 5'
armcc -I"C:\Users\hw_8\Documents\DS-5 Workspace\tue00\Libraries" -I"C:\Users\hw_8\Documents\DS-5 Workspace\tue00\Libraries\CMSIS\CoreSupport" -I"C:\Users\hw_8\Documents\DS-5 Workspace\tue00\Libraries\CMSIS\DeviceSupport" -I"C:\Users\hw_8\Documents\DS-5 Workspace\tue00\Libraries\CMSIS\DeviceSupport\Startup" -I"C:\Users\hw_8\Documents\DS-5 Workspace\tue00\Libraries\STM32F10x_StdPeriph_Driver_v3.5\inc" -I"C:\Users\hw_8\Documents\DS-5 Workspace\tue00\Libraries\STM32F10x_StdPeriph_Driver_v3.5\src" -O0 --cpu=cortex-m3 -g -c -o "Libraries/STM32F10x_StdPeriph_Driver_v3.5/src/stm32f10x_tim.o" "../Libraries/STM32F10x_StdPeriph_Driver_v3.5/src/stm32f10x_tim.c"
'Finished building: ../Libraries/STM32F10x_StdPeriph_Driver_v3.5/src/stm32f10x_tim.c'
' '
'Building file: ../Libraries/STM32F10x_StdPeriph_Driver_v3.5/src/stm32f10x_usart.c'
'Invoking: ARM C Compiler 5'
armcc -I"C:\Users\hw_8\Documents\DS-5 Workspace\tue00\Libraries" -I"C:\Users\hw_8\Documents\DS-5 Workspace\tue00\Libraries\CMSIS\CoreSupport" -I"C:\Users\hw_8\Documents\DS-5 Workspace\tue00\Libraries\CMSIS\DeviceSupport" -I"C:\Users\hw_8\Documents\DS-5 Workspace\tue00\Libraries\CMSIS\DeviceSupport\Startup" -I"C:\Users\hw_8\Documents\DS-5 Workspace\tue00\Libraries\STM32F10x_StdPeriph_Driver_v3.5\inc" -I"C:\Users\hw_8\Documents\DS-5 Workspace\tue00\Libraries\STM32F10x_StdPeriph_Driver_v3.5\src" -O0 --cpu=cortex-m3 -g -c -o "Libraries/STM32F10x_StdPeriph_Driver_v3.5/src/stm32f10x_usart.o" "../Libraries/STM32F10x_StdPeriph_Driver_v3.5/src/stm32f10x_usart.c"
'Finished building: ../Libraries/STM32F10x_StdPeriph_Driver_v3.5/src/stm32f10x_usart.c'
' '
'Building file: ../Libraries/STM32F10x_StdPeriph_Driver_v3.5/src/stm32f10x_wwdg.c'
'Invoking: ARM C Compiler 5'
armcc -I"C:\Users\hw_8\Documents\DS-5 Workspace\tue00\Libraries" -I"C:\Users\hw_8\Documents\DS-5 Workspace\tue00\Libraries\CMSIS\CoreSupport" -I"C:\Users\hw_8\Documents\DS-5 Workspace\tue00\Libraries\CMSIS\DeviceSupport" -I"C:\Users\hw_8\Documents\DS-5 Workspace\tue00\Libraries\CMSIS\DeviceSupport\Startup" -I"C:\Users\hw_8\Documents\DS-5 Workspace\tue00\Libraries\STM32F10x_StdPeriph_Driver_v3.5\inc" -I"C:\Users\hw_8\Documents\DS-5 Workspace\tue00\Libraries\STM32F10x_StdPeriph_Driver_v3.5\src" -O0 --cpu=cortex-m3 -g -c -o "Libraries/STM32F10x_StdPeriph_Driver_v3.5/src/stm32f10x_wwdg.o" "../Libraries/STM32F10x_StdPeriph_Driver_v3.5/src/stm32f10x_wwdg.c"
'Finished building: ../Libraries/STM32F10x_StdPeriph_Driver_v3.5/src/stm32f10x_wwdg.c'
' '
'Building file: ../Libraries/CMSIS/DeviceSupport/Startup/startup_stm32f10x_cl.s'
'Invoking: ARM Assembler 5'
armasm --cpu=cortex-m3 -g -o "Libraries/CMSIS/DeviceSupport/Startup/startup_stm32f10x_cl.o" "../Libraries/CMSIS/DeviceSupport/Startup/startup_stm32f10x_cl.s"
'Finished building: ../Libraries/CMSIS/DeviceSupport/Startup/startup_stm32f10x_cl.s'
' '
'Building file: ../Libraries/CMSIS/DeviceSupport/system_stm32f10x.c'
'Invoking: ARM C Compiler 5'
armcc -I"C:\Users\hw_8\Documents\DS-5 Workspace\tue00\Libraries" -I"C:\Users\hw_8\Documents\DS-5 Workspace\tue00\Libraries\CMSIS\CoreSupport" -I"C:\Users\hw_8\Documents\DS-5 Workspace\tue00\Libraries\CMSIS\DeviceSupport" -I"C:\Users\hw_8\Documents\DS-5 Workspace\tue00\Libraries\CMSIS\DeviceSupport\Startup" -I"C:\Users\hw_8\Documents\DS-5 Workspace\tue00\Libraries\STM32F10x_StdPeriph_Driver_v3.5\inc" -I"C:\Users\hw_8\Documents\DS-5 Workspace\tue00\Libraries\STM32F10x_StdPeriph_Driver_v3.5\src" -O0 --cpu=cortex-m3 -g -c -o "Libraries/CMSIS/DeviceSupport/system_stm32f10x.o" "../Libraries/CMSIS/DeviceSupport/system_stm32f10x.c"
'Finished building: ../Libraries/CMSIS/DeviceSupport/system_stm32f10x.c'
' '
'Building file: ../Libraries/CMSIS/CoreSupport/core_cm3.c'
'Invoking: ARM C Compiler 5'
armcc -I"C:\Users\hw_8\Documents\DS-5 Workspace\tue00\Libraries" -I"C:\Users\hw_8\Documents\DS-5 Workspace\tue00\Libraries\CMSIS\CoreSupport" -I"C:\Users\hw_8\Documents\DS-5 Workspace\tue00\Libraries\CMSIS\DeviceSupport" -I"C:\Users\hw_8\Documents\DS-5 Workspace\tue00\Libraries\CMSIS\DeviceSupport\Startup" -I"C:\Users\hw_8\Documents\DS-5 Workspace\tue00\Libraries\STM32F10x_StdPeriph_Driver_v3.5\inc" -I"C:\Users\hw_8\Documents\DS-5 Workspace\tue00\Libraries\STM32F10x_StdPeriph_Driver_v3.5\src" -O0 --cpu=cortex-m3 -g -c -o "Libraries/CMSIS/CoreSupport/core_cm3.o" "../Libraries/CMSIS/CoreSupport/core_cm3.c"
'Finished building: ../Libraries/CMSIS/CoreSupport/core_cm3.c'
' '
'Building file: ../Libraries/Touch.c'
'Invoking: ARM C Compiler 5'
armcc -I"C:\Users\hw_8\Documents\DS-5 Workspace\tue00\Libraries" -I"C:\Users\hw_8\Documents\DS-5 Workspace\tue00\Libraries\CMSIS\CoreSupport" -I"C:\Users\hw_8\Documents\DS-5 Workspace\tue00\Libraries\CMSIS\DeviceSupport" -I"C:\Users\hw_8\Documents\DS-5 Workspace\tue00\Libraries\CMSIS\DeviceSupport\Startup" -I"C:\Users\hw_8\Documents\DS-5 Workspace\tue00\Libraries\STM32F10x_StdPeriph_Driver_v3.5\inc" -I"C:\Users\hw_8\Documents\DS-5 Workspace\tue00\Libraries\STM32F10x_StdPeriph_Driver_v3.5\src" -O0 --cpu=cortex-m3 -g -c -o "Libraries/Touch.o" "../Libraries/Touch.c"
'Finished building: ../Libraries/Touch.c'
' '
'Building file: ../Libraries/lcd.c'
'Invoking: ARM C Compiler 5'
armcc -I"C:\Users\hw_8\Documents\DS-5 Workspace\tue00\Libraries" -I"C:\Users\hw_8\Documents\DS-5 Workspace\tue00\Libraries\CMSIS\CoreSupport" -I"C:\Users\hw_8\Documents\DS-5 Workspace\tue00\Libraries\CMSIS\DeviceSupport" -I"C:\Users\hw_8\Documents\DS-5 Workspace\tue00\Libraries\CMSIS\DeviceSupport\Startup" -I"C:\Users\hw_8\Documents\DS-5 Workspace\tue00\Libraries\STM32F10x_StdPeriph_Driver_v3.5\inc" -I"C:\Users\hw_8\Documents\DS-5 Workspace\tue00\Libraries\STM32F10x_StdPeriph_Driver_v3.5\src" -O0 --cpu=cortex-m3 -g -c -o "Libraries/lcd.o" "../Libraries/lcd.c"
'Finished building: ../Libraries/lcd.c'
' '
'Building file: ../main.c'
'Invoking: ARM C Compiler 5'
armcc -I"C:\Users\hw_8\Documents\DS-5 Workspace\tue00\Libraries" -I"C:\Users\hw_8\Documents\DS-5 Workspace\tue00\Libraries\CMSIS\CoreSupport" -I"C:\Users\hw_8\Documents\DS-5 Workspace\tue00\Libraries\CMSIS\DeviceSupport" -I"C:\Users\hw_8\Documents\DS-5 Workspace\tue00\Libraries\CMSIS\DeviceSupport\Startup" -I"C:\Users\hw_8\Documents\DS-5 Workspace\tue00\Libraries\STM32F10x_StdPeriph_Driver_v3.5\inc" -I"C:\Users\hw_8\Documents\DS-5 Workspace\tue00\Libraries\STM32F10x_StdPeriph_Driver_v3.5\src" -O0 --cpu=cortex-m3 -g -c -o "main.o" "../main.c"
"../main.c", line 181: Warning:  #188-D: enumerated type mixed with another type
  		GPIO_WriteBit(GPIOD, GPIO_Pin_2, 0);
  		                                 ^
"../main.c", line 185: Warning:  #188-D: enumerated type mixed with another type
  		GPIO_WriteBit(GPIOD, GPIO_Pin_2, 1);
  		                                 ^
"../main.c", line 198: Warning:  #188-D: enumerated type mixed with another type
  		GPIO_WriteBit(GPIOD, GPIO_Pin_3, 0);
  		                                 ^
"../main.c", line 202: Warning:  #188-D: enumerated type mixed with another type
  		GPIO_WriteBit(GPIOD, GPIO_Pin_3, 1);
  		                                 ^
"../main.c", line 214: Warning:  #188-D: enumerated type mixed with another type
  		GPIO_WriteBit(GPIOD, GPIO_Pin_4, 0);
  		                                 ^
"../main.c", line 218: Warning:  #188-D: enumerated type mixed with another type
  		GPIO_WriteBit(GPIOD, GPIO_Pin_4, 1);
  		                                 ^
"../main.c", line 249: Warning:  #223-D: function "LCD_ShowNum" declared implicitly
  		LCD_ShowNum(60, 60, time, 20,BLACK, WHITE);
  		^
../main.c: 7 warnings, 0 errors
'Finished building: ../main.c'
' '
'Building target: tue00.axf'
'Invoking: ARM Linker 5'
armlink --entry=main --cpu=cortex-m3 --scatter="C:\Users\hw_8\Documents\DS-5 Workspace\tue00\stm32-test.sct" --userlibpath="C:\Users\hw_8\Documents\DS-5 Workspace\tue00\Libraries" --userlibpath="C:\Users\hw_8\Documents\DS-5 Workspace\tue00\Libraries\CMSIS\CoreSupport" --userlibpath="C:\Users\hw_8\Documents\DS-5 Workspace\tue00\Libraries\CMSIS\DeviceSupport" --userlibpath="C:\Users\hw_8\Documents\DS-5 Workspace\tue00\Libraries\CMSIS\DeviceSupport\Startup" --userlibpath="C:\Users\hw_8\Documents\DS-5 Workspace\tue00\Libraries\STM32F10x_StdPeriph_Driver_v3.5\inc" --userlibpath="C:\Users\hw_8\Documents\DS-5 Workspace\tue00\Libraries\STM32F10x_StdPeriph_Driver_v3.5\src" --info=sizes -o "tue00.axf"  ./Libraries/STM32F10x_StdPeriph_Driver_v3.5/src/misc.o ./Libraries/STM32F10x_StdPeriph_Driver_v3.5/src/stm32f10x_adc.o ./Libraries/STM32F10x_StdPeriph_Driver_v3.5/src/stm32f10x_bkp.o ./Libraries/STM32F10x_StdPeriph_Driver_v3.5/src/stm32f10x_can.o ./Libraries/STM32F10x_StdPeriph_Driver_v3.5/src/stm32f10x_cec.o ./Libraries/STM32F10x_StdPeriph_Driver_v3.5/src/stm32f10x_crc.o ./Libraries/STM32F10x_StdPeriph_Driver_v3.5/src/stm32f10x_dac.o ./Libraries/STM32F10x_StdPeriph_Driver_v3.5/src/stm32f10x_dbgmcu.o ./Libraries/STM32F10x_StdPeriph_Driver_v3.5/src/stm32f10x_dma.o ./Libraries/STM32F10x_StdPeriph_Driver_v3.5/src/stm32f10x_exti.o ./Libraries/STM32F10x_StdPeriph_Driver_v3.5/src/stm32f10x_flash.o ./Libraries/STM32F10x_StdPeriph_Driver_v3.5/src/stm32f10x_fsmc.o ./Libraries/STM32F10x_StdPeriph_Driver_v3.5/src/stm32f10x_gpio.o ./Libraries/STM32F10x_StdPeriph_Driver_v3.5/src/stm32f10x_i2c.o ./Libraries/STM32F10x_StdPeriph_Driver_v3.5/src/stm32f10x_iwdg.o ./Libraries/STM32F10x_StdPeriph_Driver_v3.5/src/stm32f10x_pwr.o ./Libraries/STM32F10x_StdPeriph_Driver_v3.5/src/stm32f10x_rcc.o ./Libraries/STM32F10x_StdPeriph_Driver_v3.5/src/stm32f10x_rtc.o ./Libraries/STM32F10x_StdPeriph_Driver_v3.5/src/stm32f10x_sdio.o ./Libraries/STM32F10x_StdPeriph_Driver_v3.5/src/stm32f10x_spi.o ./Libraries/STM32F10x_StdPeriph_Driver_v3.5/src/stm32f10x_tim.o ./Libraries/STM32F10x_StdPeriph_Driver_v3.5/src/stm32f10x_usart.o ./Libraries/STM32F10x_StdPeriph_Driver_v3.5/src/stm32f10x_wwdg.o  ./Libraries/CMSIS/DeviceSupport/Startup/startup_stm32f10x_cl.o  ./Libraries/CMSIS/DeviceSupport/system_stm32f10x.o  ./Libraries/CMSIS/CoreSupport/core_cm3.o  ./Libraries/Touch.o ./Libraries/lcd.o  ./main.o   

==============================================================================

Image component sizes


      Code (inc. data)   RO Data    RW Data    ZI Data      Debug   Object Name

      2440         54     157688          6          0      10311   lcd.o
       960         60          0         32          0     262743   main.o
       220         22          0          0          0     227633   misc.o
        64         26        336          0       1536        888   startup_stm32f10x_cl.o
      1102         26          0          0          0      33645   stm32f10x_adc.o
       860         38          0          0          0      14297   stm32f10x_gpio.o
      1284         64          0         20          0      11342   stm32f10x_rcc.o
      3570         88          0          0          0      42748   stm32f10x_tim.o
       644         48          0         20          0       2067   system_stm32f10x.o

    ----------------------------------------------------------------------
     11148        426     158058         80       1536     605674   Object Totals
         0          0         32          0          0          0   (incl. Generated)
         4          0          2          2          0          0   (incl. Padding)

    ----------------------------------------------------------------------

      Code (inc. data)   RO Data    RW Data    ZI Data      Debug   Library Member Name

         8          0          0          0          0         68   __main.o
        52          8          0          0          0          0   __scatter.o
        26          0          0          0          0          0   __scatter_copy.o
        28          0          0          0          0          0   __scatter_zi.o
        12          0          0          0          0         72   exit.o
         6          0          0          0          0        152   heapauxi.o
         0          0          0          0          0          0   indicate_semi.o
         2          0          0          0          0          0   libinit.o
         2          0          0          0          0          0   libinit2.o
         2          0          0          0          0          0   libshutdown.o
         2          0          0          0          0          0   libshutdown2.o
         8          4          0          0         96         68   libspace.o
         0          0          0          0          0          0   rtentry.o
        12          0          0          0          0          0   rtentry2.o
         6          0          0          0          0          0   rtentry4.o
         2          0          0          0          0          0   rtexit.o
        10          0          0          0          0          0   rtexit2.o
        12          4          0          0          0         68   sys_exit.o
        74          0          0          0          0         80   sys_stackheap_outer.o
         2          0          0          0          0         68   use_no_semi.o

    ----------------------------------------------------------------------
       274         16          0          0         96        576   Library Totals
         8          0          0          0          0          0   (incl. Padding)

    ----------------------------------------------------------------------

      Code (inc. data)   RO Data    RW Data    ZI Data      Debug   Library Name

       266         16          0          0         96        576   c_w.l

    ----------------------------------------------------------------------
       274         16          0          0         96        576   Library Totals

    ----------------------------------------------------------------------

==============================================================================


      Code (inc. data)   RO Data    RW Data    ZI Data      Debug   

     11422        442     158058         80       1632     605310   Grand Totals
     11422        442     158058         80       1632     605310   ELF Image Totals
     11422        442     158058         80          0          0   ROM Totals

==============================================================================

    Total RO  Size (Code + RO Data)               169480 ( 165.51kB)
    Total RW  Size (RW Data + ZI Data)              1712 (   1.67kB)
    Total ROM Size (Code + RO Data + RW Data)     169560 ( 165.59kB)

==============================================================================

'Finished building target: tue00.axf'
' '

20:17:22 Build Finished (took 5s.547ms)

