20:52:29 **** Incremental Build of configuration Debug for project wed_1101 ****
make all 
'Building file: ../test_1101.c'
'Invoking: ARM C Compiler 5'
armcc -I"C:\Users\hw_8\Documents\DS-5 Workspace\wed_1101\Libraries\CMSIS\CoreSupport" -I"C:\Users\hw_8\Documents\DS-5 Workspace\wed_1101\Libraries\CMSIS\DeviceSupport" -I"C:\Users\hw_8\Documents\DS-5 Workspace\wed_1101\Libraries\CMSIS\DeviceSupport\Startup" -I"C:\Users\hw_8\Documents\DS-5 Workspace\wed_1101\Libraries\STM32F10x_StdPeriph_Driver_v3.5\inc" -I"C:\Users\hw_8\Documents\DS-5 Workspace\wed_1101\Libraries\STM32F10x_StdPeriph_Driver_v3.5\src" -O2 --cpu=cortex-m3 -g -c -o "test_1101.o" "../test_1101.c"
"../test_1101.c", line 30: Warning:  #186-D: pointless comparison of unsigned integer with zero
  	if(pix_x>=0 && pix_x<120 && pix_y>=70 && pix_y<140) {
  	        ^
"../test_1101.c", line 55: Warning:  #186-D: pointless comparison of unsigned integer with zero
  	else if(pix_x >= 0 && pix_x < 120 && pix_y >= 140 && pix_y < 210) {
  	              ^
"../test_1101.c", line 79: Warning:  #186-D: pointless comparison of unsigned integer with zero
  	else if(pix_x >= 0 && pix_x < 120 && pix_y >= 210 && pix_y < 280) {
  	              ^
../test_1101.c: 3 warnings, 0 errors
'Finished building: ../test_1101.c'
' '
'Building target: wed_1101.axf'
'Invoking: ARM Linker 5'
armlink --entry=main --cpu=cortex-m3 --scatter="C:\Users\hw_8\Documents\DS-5 Workspace\wed_1101\stm32-test.sct" --info=sizes -o "wed_1101.axf"  ./Libraries/STM32F10x_StdPeriph_Driver_v3.5/src/Touch.o ./Libraries/STM32F10x_StdPeriph_Driver_v3.5/src/lcd.o ./Libraries/STM32F10x_StdPeriph_Driver_v3.5/src/misc.o ./Libraries/STM32F10x_StdPeriph_Driver_v3.5/src/stm32f10x_adc.o ./Libraries/STM32F10x_StdPeriph_Driver_v3.5/src/stm32f10x_bkp.o ./Libraries/STM32F10x_StdPeriph_Driver_v3.5/src/stm32f10x_can.o ./Libraries/STM32F10x_StdPeriph_Driver_v3.5/src/stm32f10x_cec.o ./Libraries/STM32F10x_StdPeriph_Driver_v3.5/src/stm32f10x_crc.o ./Libraries/STM32F10x_StdPeriph_Driver_v3.5/src/stm32f10x_dac.o ./Libraries/STM32F10x_StdPeriph_Driver_v3.5/src/stm32f10x_dbgmcu.o ./Libraries/STM32F10x_StdPeriph_Driver_v3.5/src/stm32f10x_dma.o ./Libraries/STM32F10x_StdPeriph_Driver_v3.5/src/stm32f10x_exti.o ./Libraries/STM32F10x_StdPeriph_Driver_v3.5/src/stm32f10x_flash.o ./Libraries/STM32F10x_StdPeriph_Driver_v3.5/src/stm32f10x_fsmc.o ./Libraries/STM32F10x_StdPeriph_Driver_v3.5/src/stm32f10x_gpio.o ./Libraries/STM32F10x_StdPeriph_Driver_v3.5/src/stm32f10x_i2c.o ./Libraries/STM32F10x_StdPeriph_Driver_v3.5/src/stm32f10x_iwdg.o ./Libraries/STM32F10x_StdPeriph_Driver_v3.5/src/stm32f10x_pwr.o ./Libraries/STM32F10x_StdPeriph_Driver_v3.5/src/stm32f10x_rcc.o ./Libraries/STM32F10x_StdPeriph_Driver_v3.5/src/stm32f10x_rtc.o ./Libraries/STM32F10x_StdPeriph_Driver_v3.5/src/stm32f10x_sdio.o ./Libraries/STM32F10x_StdPeriph_Driver_v3.5/src/stm32f10x_spi.o ./Libraries/STM32F10x_StdPeriph_Driver_v3.5/src/stm32f10x_tim.o ./Libraries/STM32F10x_StdPeriph_Driver_v3.5/src/stm32f10x_usart.o ./Libraries/STM32F10x_StdPeriph_Driver_v3.5/src/stm32f10x_wwdg.o  ./Libraries/CMSIS/DeviceSupport/Startup/startup_stm32f10x_cl.o  ./Libraries/CMSIS/DeviceSupport/system_stm32f10x.o  ./Libraries/CMSIS/CoreSupport/core_cm3.o  ./test_1101.o   

==============================================================================

Image component sizes


      Code (inc. data)   RO Data    RW Data    ZI Data      Debug   Object Name

      1512         38          0         12          0     250977   Touch.o
      2172         42       4088          6          0       8929   lcd.o
       176         14          0          0          0     223289   misc.o
        64         26        336          0       1536        892   startup_stm32f10x_cl.o
       816         24          0          0          0      18721   stm32f10x_adc.o
       612         36          0          0          0       5121   stm32f10x_gpio.o
       872         44          0         20          0      10366   stm32f10x_rcc.o
       444         44          0         20          0       2087   system_stm32f10x.o
      1128         24          0         72          0       4659   test_1101.o

    ----------------------------------------------------------------------
      7796        292       4458        132       1536     525041   Object Totals
         0          0         32          0          0          0   (incl. Generated)
         0          0          2          2          0          0   (incl. Padding)

    ----------------------------------------------------------------------

      Code (inc. data)   RO Data    RW Data    ZI Data      Debug   Library Member Name

         8          0          0          0          0         68   __main.o
        52          8          0          0          0          0   __scatter.o
        26          0          0          0          0          0   __scatter_copy.o
        28          0          0          0          0          0   __scatter_zi.o
        22          0          0          0          0        100   _rserrno.o
        12          0          0          0          0         72   exit.o
         6          0          0          0          0        152   heapauxi.o
         0          0          0          0          0          0   indicate_semi.o
         2          0          0          0          0          0   libinit.o
         2          0          0          0          0          0   libinit2.o
         2          0          0          0          0          0   libshutdown.o
         2          0          0          0          0          0   libshutdown2.o
         8          4          0          0         96         68   libspace.o
         8          4          0          0          0         68   rt_errno_addr_intlibspace.o
         0          0          0          0          0          0   rtentry.o
        12          0          0          0          0          0   rtentry2.o
         6          0          0          0          0          0   rtentry4.o
         2          0          0          0          0          0   rtexit.o
        10          0          0          0          0          0   rtexit2.o
        12          4          0          0          0         68   sys_exit.o
        74          0          0          0          0         80   sys_stackheap_outer.o
         2          0          0          0          0         68   use_no_semi.o
        90          4          0          0          0         92   dfixu.o
        38          0          0          0          0         68   dflt_clz.o
       156          4          0          0          0         92   dnaninf.o
       460         56          0          0          0        120   dsqrt_noumaal.o
       450          8          0          0          0        236   faddsub_clz.o
        12          4          0          0          0         68   fcheck1.o
       388         76          0          0          0         96   fdiv.o
        54          4          0          0          0         84   ffix.o
        62          4          0          0          0         84   ffixu.o
        86          0          0          0          0        136   fflt_clz.o
       258          4          0          0          0         84   fmul.o
       140          4          0          0          0         84   fnaninf.o
        10          0          0          0          0         68   fretinf.o
       100          0          0          0          0         68   retnan.o
        76          0          0          0          0         68   scalbnf.o
        48          0          0          0          0         68   trapv.o
         0          0          0          0          0          0   usenofp.o
        76          0          0          0          0         84   sqrt.o

    ----------------------------------------------------------------------
      2814        188          0          0        100       2344   Library Totals
        14          0          0          0          4          0   (incl. Padding)

    ----------------------------------------------------------------------

      Code (inc. data)   RO Data    RW Data    ZI Data      Debug   Library Name

       296         20          0          0         96        744   c_w.l
      2428        168          0          0          0       1516   fz_ws.l
        76          0          0          0          0         84   m_ws.l

    ----------------------------------------------------------------------
      2814        188          0          0        100       2344   Library Totals

    ----------------------------------------------------------------------

==============================================================================


      Code (inc. data)   RO Data    RW Data    ZI Data      Debug   

     10610        480       4458        132       1636     525041   Grand Totals
     10610        480       4458        132       1636     525041   ELF Image Totals
     10610        480       4458        132          0          0   ROM Totals

==============================================================================

    Total RO  Size (Code + RO Data)                15068 (  14.71kB)
    Total RW  Size (RW Data + ZI Data)              1768 (   1.73kB)
    Total ROM Size (Code + RO Data + RW Data)      15200 (  14.84kB)

==============================================================================

'Finished building target: wed_1101.axf'
' '

20:52:33 Build Finished (took 4s.516ms)

