22:33:24 **** Incremental Build of configuration Debug for project wed_1018 ****
make all 
'Building file: ../test_1018.c'
'Invoking: ARM C Compiler 5'
armcc -I"C:\Users\hw_8\Documents\DS-5 Workspace\wed_1018\Libraries\CMSIS\CoreSupport" -I"C:\Users\hw_8\Documents\DS-5 Workspace\wed_1018\Libraries\CMSIS\DeviceSupport" -I"C:\Users\hw_8\Documents\DS-5 Workspace\wed_1018\Libraries\CMSIS\DeviceSupport\Startup" -I"C:\Users\hw_8\Documents\DS-5 Workspace\wed_1018\Libraries\STM32F10x_StdPeriph_Driver_v3.5\inc" -I"C:\Users\hw_8\Documents\DS-5 Workspace\wed_1018\Libraries\STM32F10x_StdPeriph_Driver_v3.5\src" -O0 --cpu=cortex-m3 -g -c -o "test_1018.o" "../test_1018.c"
'Finished building: ../test_1018.c'
' '
'Building target: wed_1018.axf'
'Invoking: ARM Linker 5'
armlink --entry=main --cpu=cortex-m3 --scatter="C:\Users\hw_8\Documents\DS-5 Workspace\wed_1018\stm32-test.sct" --info=sizes -o "wed_1018.axf"  ./Libraries/STM32F10x_StdPeriph_Driver_v3.5/src/misc.o ./Libraries/STM32F10x_StdPeriph_Driver_v3.5/src/stm32f10x_adc.o ./Libraries/STM32F10x_StdPeriph_Driver_v3.5/src/stm32f10x_bkp.o ./Libraries/STM32F10x_StdPeriph_Driver_v3.5/src/stm32f10x_can.o ./Libraries/STM32F10x_StdPeriph_Driver_v3.5/src/stm32f10x_cec.o ./Libraries/STM32F10x_StdPeriph_Driver_v3.5/src/stm32f10x_crc.o ./Libraries/STM32F10x_StdPeriph_Driver_v3.5/src/stm32f10x_dac.o ./Libraries/STM32F10x_StdPeriph_Driver_v3.5/src/stm32f10x_dbgmcu.o ./Libraries/STM32F10x_StdPeriph_Driver_v3.5/src/stm32f10x_dma.o ./Libraries/STM32F10x_StdPeriph_Driver_v3.5/src/stm32f10x_exti.o ./Libraries/STM32F10x_StdPeriph_Driver_v3.5/src/stm32f10x_flash.o ./Libraries/STM32F10x_StdPeriph_Driver_v3.5/src/stm32f10x_fsmc.o ./Libraries/STM32F10x_StdPeriph_Driver_v3.5/src/stm32f10x_gpio.o ./Libraries/STM32F10x_StdPeriph_Driver_v3.5/src/stm32f10x_i2c.o ./Libraries/STM32F10x_StdPeriph_Driver_v3.5/src/stm32f10x_iwdg.o ./Libraries/STM32F10x_StdPeriph_Driver_v3.5/src/stm32f10x_pwr.o ./Libraries/STM32F10x_StdPeriph_Driver_v3.5/src/stm32f10x_rcc.o ./Libraries/STM32F10x_StdPeriph_Driver_v3.5/src/stm32f10x_rtc.o ./Libraries/STM32F10x_StdPeriph_Driver_v3.5/src/stm32f10x_sdio.o ./Libraries/STM32F10x_StdPeriph_Driver_v3.5/src/stm32f10x_spi.o ./Libraries/STM32F10x_StdPeriph_Driver_v3.5/src/stm32f10x_tim.o ./Libraries/STM32F10x_StdPeriph_Driver_v3.5/src/stm32f10x_usart.o ./Libraries/STM32F10x_StdPeriph_Driver_v3.5/src/stm32f10x_wwdg.o  ./Libraries/CMSIS/DeviceSupport/Startup/startup_stm32f10x_cl.o  ./Libraries/CMSIS/DeviceSupport/system_stm32f10x.o  ./Libraries/CMSIS/CoreSupport/core_cm3.o  ./test_1018.o   

==============================================================================

Image component sizes


      Code (inc. data)   RO Data    RW Data    ZI Data      Debug   Object Name

       220         22          0          0          0     227657   misc.o
        64         26        336          0       1536        892   startup_stm32f10x_cl.o
         0          0          0          0          0     233204   stm32f10x_adc.o
       284         10          0          0          0       4639   stm32f10x_exti.o
       860         38          0          0          0      14241   stm32f10x_gpio.o
      1284         64          0         20          0      11358   stm32f10x_rcc.o
       976         20          0          0          0      14580   stm32f10x_usart.o
       644         48          0         20          0       2079   system_stm32f10x.o
       936         38          0          0          0       7096   test_1018.o

    ----------------------------------------------------------------------
      5268        266        368         40       1536     515746   Object Totals
         0          0         32          0          0          0   (incl. Generated)
         0          0          0          0          0          0   (incl. Padding)

    ----------------------------------------------------------------------

      Code (inc. data)   RO Data    RW Data    ZI Data      Debug   Library Member Name

         8          0          0          0          0         68   __main.o
        52          8          0          0          0          0   __scatter.o
        26          0          0          0          0          0   __scatter_copy.o
        28          0          0          0          0          0   __scatter_zi.o
        12          0          0          0          0         72   exit.o
         6          0          0          0          0        152   heapauxi.o
         0          0          0          0          0          0   indicate_semi.o
         2          0          0          0          0          0   libinit.o
         2          0          0          0          0          0   libinit2.o
         2          0          0          0          0          0   libshutdown.o
         2          0          0          0          0          0   libshutdown2.o
         8          4          0          0         96         68   libspace.o
         0          0          0          0          0          0   rtentry.o
        12          0          0          0          0          0   rtentry2.o
         6          0          0          0          0          0   rtentry4.o
         2          0          0          0          0          0   rtexit.o
        10          0          0          0          0          0   rtexit2.o
        12          4          0          0          0         68   sys_exit.o
        74          0          0          0          0         80   sys_stackheap_outer.o
         2          0          0          0          0         68   use_no_semi.o

    ----------------------------------------------------------------------
       272         16          0          0         96        576   Library Totals
         6          0          0          0          0          0   (incl. Padding)

    ----------------------------------------------------------------------

      Code (inc. data)   RO Data    RW Data    ZI Data      Debug   Library Name

       266         16          0          0         96        576   c_w.l

    ----------------------------------------------------------------------
       272         16          0          0         96        576   Library Totals

    ----------------------------------------------------------------------

==============================================================================


      Code (inc. data)   RO Data    RW Data    ZI Data      Debug   

      5540        282        368         40       1632     515382   Grand Totals
      5540        282        368         40       1632     515382   ELF Image Totals
      5540        282        368         40          0          0   ROM Totals

==============================================================================

    Total RO  Size (Code + RO Data)                 5908 (   5.77kB)
    Total RW  Size (RW Data + ZI Data)              1672 (   1.63kB)
    Total ROM Size (Code + RO Data + RW Data)       5948 (   5.81kB)

==============================================================================

'Finished building target: wed_1018.axf'
' '

22:33:26 Build Finished (took 1s.386ms)

